#-----------------------------------------------------------
# Webtalk v2017.2 (64-bit)
# SW Build 1909853 on Thu Jun 15 18:39:10 MDT 2017
# 
# Start of session at: Sun Mar 11 19:51:00 2018
# Process ID: 14641
# Current directory: /nfs/ug/homes-5/l/likenne2/ece532/Nexys-Video-HDMI/proj/HDMI.sdk/webtalk
# Command line: wbtcv -mode batch -source sdk_webtalk.tcl
# Log file: /nfs/ug/homes-5/l/likenne2/ece532/Nexys-Video-HDMI/proj/HDMI.sdk/webtalk/webtalk.log
# Journal file: /nfs/ug/homes-5/l/likenne2/ece532/Nexys-Video-HDMI/proj/HDMI.sdk/webtalk/webtalk.jou
#-----------------------------------------------------------
source sdk_webtalk.tcl
# webtalk_init -webtalk_dir /nfs/ug/homes-5/l/likenne2/ece532/Nexys-Video-HDMI/proj/HDMI.sdk/webtalk
# webtalk_register_client -client project
# webtalk_add_data -client project -key date_generated -value "2018-03-11 19:50:59" -context "software_version_and_target_device"
# webtalk_add_data -client project -key product_version -value "SDK v2017.2" -context "software_version_and_target_device"
# webtalk_add_data -client project -key build_version -value "2017.2" -context "software_version_and_target_device"
# webtalk_add_data -client project -key os_platform -value "amd64" -context "software_version_and_target_device"
# webtalk_add_data -client project -key registration_id -value "174112640_179741397_210594766_948" -context "software_version_and_target_device"
# webtalk_add_data -client project -key tool_flow -value "SDK" -context "software_version_and_target_device"
# webtalk_add_data -client project -key beta -value "false" -context "software_version_and_target_device"
# webtalk_add_data -client project -key route_design -value "NA" -context "software_version_and_target_device"
# webtalk_add_data -client project -key target_family -value "NA" -context "software_version_and_target_device"
# webtalk_add_data -client project -key target_device -value "NA" -context "software_version_and_target_device"
# webtalk_add_data -client project -key target_package -value "NA" -context "software_version_and_target_device"
# webtalk_add_data -client project -key target_speed -value "NA" -context "software_version_and_target_device"
# webtalk_add_data -client project -key random_id -value "4t0f2n2q7n1qrr5sfice1dsuia" -context "software_version_and_target_device"
# webtalk_add_data -client project -key project_id -value "2017.2_2" -context "software_version_and_target_device"
# webtalk_add_data -client project -key project_iteration -value "2" -context "software_version_and_target_device"
# webtalk_add_data -client project -key os_name -value "Debian" -context "user_environment"
# webtalk_add_data -client project -key os_release -value "Debian GNU/Linux 9.4 (stretch)" -context "user_environment"
# webtalk_add_data -client project -key cpu_name -value "Intel(R) Core(TM) i7-4790 CPU @ 3.60GHz" -context "user_environment"
# webtalk_add_data -client project -key cpu_speed -value "3964.746 MHz" -context "user_environment"
# webtalk_add_data -client project -key total_processors -value "1" -context "user_environment"
# webtalk_add_data -client project -key system_ram -value "16.000 GB" -context "user_environment"
# webtalk_register_client -client sdk
# webtalk_add_data -client sdk -key uid -value "1520812065000" -context "sdk\\\\bsp/1520812065000"
# webtalk_add_data -client sdk -key hwid -value "1520721074000" -context "sdk\\\\bsp/1520812065000"
# webtalk_add_data -client sdk -key os -value "standalone" -context "sdk\\\\bsp/1520812065000"
# webtalk_add_data -client sdk -key apptemplate -value "hello_world" -context "sdk\\\\bsp/1520812065000"
# webtalk_add_data -client sdk -key RecordType -value "BSPCreation" -context "sdk\\\\bsp/1520812065000"
# webtalk_add_data -client sdk -key uid -value "1520812084000" -context "sdk\\\\application/1520812084000"
# webtalk_add_data -client sdk -key hwid -value "1520721074000" -context "sdk\\\\application/1520812084000"
# webtalk_add_data -client sdk -key bspid -value "1520812065000" -context "sdk\\\\application/1520812084000"
# webtalk_add_data -client sdk -key newbsp -value "true" -context "sdk\\\\application/1520812084000"
# webtalk_add_data -client sdk -key os -value "standalone" -context "sdk\\\\application/1520812084000"
# webtalk_add_data -client sdk -key apptemplate -value "hello_world" -context "sdk\\\\application/1520812084000"
# webtalk_add_data -client sdk -key RecordType -value "APPCreation" -context "sdk\\\\application/1520812084000"
# webtalk_add_data -client sdk -key LangUsed -value "C" -context "sdk\\\\application/1520812084000"
# webtalk_add_data -client sdk -key Procused -value "microblaze" -context "sdk\\\\application/1520812084000"
# webtalk_add_data -client sdk -key projSize -value "89.48046875" -context "sdk\\\\application/1520812084000"
# webtalk_add_data -client sdk -key uid -value "NA" -context "sdk\\\\bsp/1520812259863"
# webtalk_add_data -client sdk -key RecordType -value "ToolUsage" -context "sdk\\\\bsp/1520812259863"
# webtalk_add_data -client sdk -key BootgenCount -value "0" -context "sdk\\\\bsp/1520812259863"
# webtalk_add_data -client sdk -key DebugCount -value "0" -context "sdk\\\\bsp/1520812259863"
# webtalk_add_data -client sdk -key PerfCount -value "0" -context "sdk\\\\bsp/1520812259863"
# webtalk_add_data -client sdk -key FlashCount -value "0" -context "sdk\\\\bsp/1520812259863"
# webtalk_add_data -client sdk -key CrossTriggCount -value "0" -context "sdk\\\\bsp/1520812259863"
# webtalk_add_data -client sdk -key QemuDebugCount -value "0" -context "sdk\\\\bsp/1520812259863"
# webtalk_transmit -clientid 3039485366 -regid "174112640_179741397_210594766_948" -xml /nfs/ug/homes-5/l/likenne2/ece532/Nexys-Video-HDMI/proj/HDMI.sdk/webtalk/usage_statistics_ext_sdk.xml -html /nfs/ug/homes-5/l/likenne2/ece532/Nexys-Video-HDMI/proj/HDMI.sdk/webtalk/usage_statistics_ext_sdk.html -wdm /nfs/ug/homes-5/l/likenne2/ece532/Nexys-Video-HDMI/proj/HDMI.sdk/webtalk/sdk_webtalk.wdm -intro "<H3>SDK Usage Report</H3><BR>"
# webtalk_terminate
INFO: [Common 17-206] Exiting Webtalk at Sun Mar 11 19:51:00 2018...
